c:\users\konst\desktop\pointmanagerdll\pointmanagerdll\x64\debug\pointmanagerdll.pch
c:\users\konst\desktop\pointmanagerdll\pointmanagerdll\x64\debug\vc143.pdb
c:\users\konst\desktop\pointmanagerdll\pointmanagerdll\x64\debug\vc143.idb
c:\users\konst\desktop\pointmanagerdll\pointmanagerdll\x64\debug\pch.obj
c:\users\konst\desktop\pointmanagerdll\pointmanagerdll\x64\debug\pointmanagerdll.obj
c:\users\konst\desktop\pointmanagerdll\pointmanagerdll\x64\debug\pointmanager.obj
c:\users\konst\desktop\pointmanagerdll\pointmanagerdll\x64\debug\dllmain.obj
c:\users\konst\desktop\pointmanagerdll\x64\debug\pointmanagerdll.dll
c:\users\konst\desktop\pointmanagerdll\x64\debug\pointmanagerdll.pdb
c:\users\konst\desktop\pointmanagerdll\x64\debug\pointmanagerdll.lib
c:\users\konst\desktop\pointmanagerdll\x64\debug\pointmanagerdll.exp
c:\users\konst\desktop\pointmanagerdll\pointmanagerdll\x64\debug\pointmanagerdll.ilk
c:\users\konst\desktop\pointmanagerdll\pointmanagerdll\x64\debug\pointmanagerdll.tlog\cl.command.1.tlog
c:\users\konst\desktop\pointmanagerdll\pointmanagerdll\x64\debug\pointmanagerdll.tlog\cl.items.tlog
c:\users\konst\desktop\pointmanagerdll\pointmanagerdll\x64\debug\pointmanagerdll.tlog\cl.read.1.tlog
c:\users\konst\desktop\pointmanagerdll\pointmanagerdll\x64\debug\pointmanagerdll.tlog\cl.write.1.tlog
c:\users\konst\desktop\pointmanagerdll\pointmanagerdll\x64\debug\pointmanagerdll.tlog\link.command.1.tlog
c:\users\konst\desktop\pointmanagerdll\pointmanagerdll\x64\debug\pointmanagerdll.tlog\link.read.1.tlog
c:\users\konst\desktop\pointmanagerdll\pointmanagerdll\x64\debug\pointmanagerdll.tlog\link.secondary.1.tlog
c:\users\konst\desktop\pointmanagerdll\pointmanagerdll\x64\debug\pointmanagerdll.tlog\link.write.1.tlog
